[0m14:17:27.707533 [debug] [MainThread]: Sending event: {'category': 'dbt', 'action': 'invocation', 'label': 'start', 'context': [<snowplow_tracker.self_describing_json.SelfDescribingJson object at 0x00000212F6CDC310>, <snowplow_tracker.self_describing_json.SelfDescribingJson object at 0x00000212F8469850>, <snowplow_tracker.self_describing_json.SelfDescribingJson object at 0x00000212F846A6D0>]}


============================== 14:17:27.735968 | 5182aabc-1627-4cae-9255-b136229475b0 ==============================
[0m14:17:27.735968 [info ] [MainThread]: Running with dbt=1.11.0-b3
[0m14:17:27.737543 [debug] [MainThread]: running dbt with arguments {'partial_parse': 'True', 'static_parser': 'True', 'send_anonymous_usage_stats': 'True', 'use_colors': 'True', 'cache_selected_only': 'False', 'target_path': 'None', 'warn_error': 'None', 'invocation_command': 'dbt debug', 'log_format': 'default', 'version_check': 'True', 'introspect': 'True', 'debug': 'False', 'log_cache_events': 'False', 'fail_fast': 'False', 'no_print': 'None', 'quiet': 'False', 'empty': 'None', 'printer_width': '80', 'use_experimental_parser': 'False', 'indirect_selection': 'eager', 'log_path': 'logs', 'write_json': 'True', 'warn_error_options': 'WarnErrorOptionsV2(error=[], warn=[], silence=[])', 'profiles_dir': 'C:\\Users\\PascalNguyen\\.dbt'}
[0m14:17:27.764609 [info ] [MainThread]: dbt version: 1.11.0-b3
[0m14:17:27.765826 [info ] [MainThread]: python version: 3.11.9
[0m14:17:27.766246 [info ] [MainThread]: python path: C:\Users\PascalNguyen\PNGLabs\env\Scripts\python.exe
[0m14:17:27.767532 [info ] [MainThread]: os info: Windows-10-10.0.19045-SP0
[0m14:17:27.768824 [info ] [MainThread]: Using profiles dir at C:\Users\PascalNguyen\.dbt
[0m14:17:27.768824 [info ] [MainThread]: Using profiles.yml file at C:\Users\PascalNguyen\.dbt\profiles.yml
[0m14:17:27.769853 [info ] [MainThread]: Using dbt_project.yml file at C:\Users\PascalNguyen\PNGLabs\dbt_project.yml
[0m14:17:27.771298 [info ] [MainThread]: Configuration:
[0m14:17:27.771982 [info ] [MainThread]:   profiles.yml file [[31mERROR not found[0m]
[0m14:17:27.771982 [info ] [MainThread]:   dbt_project.yml file [[31mERROR not found[0m]
[0m14:17:27.771982 [info ] [MainThread]: Required dependencies:
[0m14:17:27.771982 [debug] [MainThread]: Executing "git --help"
[0m14:17:27.840564 [debug] [MainThread]: STDOUT: "b"usage: git [--version] [--help] [-C <path>] [-c <name>=<value>]\n           [--exec-path[=<path>]] [--html-path] [--man-path] [--info-path]\n           [-p | --paginate | -P | --no-pager] [--no-replace-objects] [--bare]\n           [--git-dir=<path>] [--work-tree=<path>] [--namespace=<name>]\n           [--super-prefix=<path>] [--config-env=<name>=<envvar>]\n           <command> [<args>]\n\nThese are common Git commands used in various situations:\n\nstart a working area (see also: git help tutorial)\n   clone     Clone a repository into a new directory\n   init      Create an empty Git repository or reinitialize an existing one\n\nwork on the current change (see also: git help everyday)\n   add       Add file contents to the index\n   mv        Move or rename a file, a directory, or a symlink\n   restore   Restore working tree files\n   rm        Remove files from the working tree and from the index\n\nexamine the history and state (see also: git help revisions)\n   bisect    Use binary search to find the commit that introduced a bug\n   diff      Show changes between commits, commit and working tree, etc\n   grep      Print lines matching a pattern\n   log       Show commit logs\n   show      Show various types of objects\n   status    Show the working tree status\n\ngrow, mark and tweak your common history\n   branch    List, create, or delete branches\n   commit    Record changes to the repository\n   merge     Join two or more development histories together\n   rebase    Reapply commits on top of another base tip\n   reset     Reset current HEAD to the specified state\n   switch    Switch branches\n   tag       Create, list, delete or verify a tag object signed with GPG\n\ncollaborate (see also: git help workflows)\n   fetch     Download objects and refs from another repository\n   pull      Fetch from and integrate with another repository or a local branch\n   push      Update remote refs along with associated objects\n\n'git help -a' and 'git help -g' list available subcommands and some\nconcept guides. See 'git help <command>' or 'git help <concept>'\nto read about a specific subcommand or concept.\nSee 'git help git' for an overview of the system.\n""
[0m14:17:27.842631 [debug] [MainThread]: STDERR: "b''"
[0m14:17:27.842785 [info ] [MainThread]:  - git [[32mOK found[0m]

[0m14:17:27.842785 [info ] [MainThread]: Connection test skipped since no profile was found
[0m14:17:27.842785 [info ] [MainThread]: [31m2 checks failed:[0m
[0m14:17:27.842785 [info ] [MainThread]: dbt looked for a profiles.yml file in C:\Users\PascalNguyen\.dbt\profiles.yml, but did
not find one. For more information on configuring your profile, consult the
documentation:

https://docs.getdbt.com/docs/configure-your-profile


[0m14:17:27.846927 [info ] [MainThread]: Project loading failed for the following reason:
 project path <C:\Users\PascalNguyen\PNGLabs\dbt_project.yml> not found

[0m14:17:27.849734 [debug] [MainThread]: Command `dbt debug` failed at 14:17:27.849734 after 0.21 seconds
[0m14:17:27.849734 [debug] [MainThread]: Sending event: {'category': 'dbt', 'action': 'invocation', 'label': 'end', 'context': [<snowplow_tracker.self_describing_json.SelfDescribingJson object at 0x00000212F846BD50>, <snowplow_tracker.self_describing_json.SelfDescribingJson object at 0x00000212F84C3DD0>, <snowplow_tracker.self_describing_json.SelfDescribingJson object at 0x00000212F84C3CD0>]}
[0m14:17:27.849734 [debug] [MainThread]: Flushing usage events
[0m14:17:28.968368 [debug] [MainThread]: An error was encountered while trying to flush usage events
[0m14:22:05.448389 [debug] [MainThread]: Sending event: {'category': 'dbt', 'action': 'invocation', 'label': 'start', 'context': [<snowplow_tracker.self_describing_json.SelfDescribingJson object at 0x000001284BC082D0>, <snowplow_tracker.self_describing_json.SelfDescribingJson object at 0x000001284B9A0BD0>, <snowplow_tracker.self_describing_json.SelfDescribingJson object at 0x000001284B9A0A50>]}


============================== 14:22:05.453206 | 9687a9d3-c1a1-420e-bd21-bad7f638ab8c ==============================
[0m14:22:05.453206 [info ] [MainThread]: Running with dbt=1.11.0-b3
[0m14:22:05.455096 [debug] [MainThread]: running dbt with arguments {'partial_parse': 'True', 'profiles_dir': 'C:\\Users\\PascalNguyen\\.dbt', 'send_anonymous_usage_stats': 'True', 'version_check': 'True', 'cache_selected_only': 'False', 'target_path': 'None', 'warn_error': 'None', 'invocation_command': 'dbt init', 'log_format': 'default', 'use_colors': 'True', 'introspect': 'True', 'debug': 'False', 'printer_width': '80', 'fail_fast': 'False', 'no_print': 'None', 'use_experimental_parser': 'False', 'log_cache_events': 'False', 'empty': 'None', 'quiet': 'False', 'indirect_selection': 'eager', 'log_path': 'logs', 'write_json': 'True', 'static_parser': 'True', 'warn_error_options': 'WarnErrorOptionsV2(error=[], warn=[], silence=[])'}
[0m14:22:11.956107 [debug] [MainThread]: Starter project path: C:\Users\PascalNguyen\PNGLabs\env\Lib\site-packages\dbt\include\starter_project
[0m14:22:11.967122 [info ] [MainThread]: 
Your new dbt project "DBT_Project" was created!

For more information on how to configure the profiles.yml file,
please consult the dbt documentation here:

  https://docs.getdbt.com/docs/configure-your-profile

One more thing:

Need help? Don't hesitate to reach out to us via GitHub issues or on Slack:

  https://community.getdbt.com/

Happy modeling!

[0m14:22:11.967122 [info ] [MainThread]: Setting up your profile.
[0m14:24:13.221438 [info ] [MainThread]: Profile DBT_Project written to C:\Users\PascalNguyen\.dbt\profiles.yml using target's profile_template.yml and your supplied values. Run 'dbt debug' to validate the connection.
[0m14:24:13.224884 [debug] [MainThread]: Command `dbt init` succeeded at 14:24:13.224884 after 127.88 seconds
[0m14:24:13.226021 [debug] [MainThread]: Sending event: {'category': 'dbt', 'action': 'invocation', 'label': 'end', 'context': [<snowplow_tracker.self_describing_json.SelfDescribingJson object at 0x000001284BC0C090>, <snowplow_tracker.self_describing_json.SelfDescribingJson object at 0x000001284BC7F290>, <snowplow_tracker.self_describing_json.SelfDescribingJson object at 0x000001284BC7CF90>]}
[0m14:24:13.227241 [debug] [MainThread]: Flushing usage events
[0m14:24:14.177540 [debug] [MainThread]: An error was encountered while trying to flush usage events
[0m14:24:21.669940 [debug] [MainThread]: Sending event: {'category': 'dbt', 'action': 'invocation', 'label': 'start', 'context': [<snowplow_tracker.self_describing_json.SelfDescribingJson object at 0x0000016803C51250>, <snowplow_tracker.self_describing_json.SelfDescribingJson object at 0x0000016803EB8BD0>, <snowplow_tracker.self_describing_json.SelfDescribingJson object at 0x0000016803F052D0>]}


============================== 14:24:21.675096 | 9d34ae95-ad7a-457b-b4a4-42753b7e515a ==============================
[0m14:24:21.675096 [info ] [MainThread]: Running with dbt=1.11.0-b3
[0m14:24:21.676046 [debug] [MainThread]: running dbt with arguments {'partial_parse': 'True', 'write_json': 'True', 'send_anonymous_usage_stats': 'True', 'warn_error': 'None', 'cache_selected_only': 'False', 'target_path': 'None', 'version_check': 'True', 'invocation_command': 'dbt debug', 'log_format': 'default', 'use_colors': 'True', 'introspect': 'True', 'debug': 'False', 'printer_width': '80', 'fail_fast': 'False', 'no_print': 'None', 'quiet': 'False', 'empty': 'None', 'use_experimental_parser': 'False', 'log_cache_events': 'False', 'log_path': 'logs', 'indirect_selection': 'eager', 'profiles_dir': 'C:\\Users\\PascalNguyen\\.dbt', 'warn_error_options': 'WarnErrorOptionsV2(error=[], warn=[], silence=[])', 'static_parser': 'True'}
[0m14:24:21.704948 [info ] [MainThread]: dbt version: 1.11.0-b3
[0m14:24:21.704948 [info ] [MainThread]: python version: 3.11.9
[0m14:24:21.706283 [info ] [MainThread]: python path: C:\Users\PascalNguyen\PNGLabs\env\Scripts\python.exe
[0m14:24:21.707132 [info ] [MainThread]: os info: Windows-10-10.0.19045-SP0
[0m14:24:26.013324 [info ] [MainThread]: Using profiles dir at C:\Users\PascalNguyen\.dbt
[0m14:24:26.014305 [info ] [MainThread]: Using profiles.yml file at C:\Users\PascalNguyen\.dbt\profiles.yml
[0m14:24:26.015016 [info ] [MainThread]: Using dbt_project.yml file at C:\Users\PascalNguyen\PNGLabs\dbt_project.yml
[0m14:24:26.016072 [info ] [MainThread]: adapter type: bigquery
[0m14:24:26.017066 [info ] [MainThread]: adapter version: 1.10.2
[0m14:24:26.019168 [info ] [MainThread]: Configuration:
[0m14:24:26.019932 [info ] [MainThread]:   profiles.yml file [[32mOK found and valid[0m]
[0m14:24:26.020814 [info ] [MainThread]:   dbt_project.yml file [[31mERROR not found[0m]
[0m14:24:26.021574 [info ] [MainThread]: Required dependencies:
[0m14:24:26.022651 [debug] [MainThread]: Executing "git --help"
[0m14:24:26.065590 [debug] [MainThread]: STDOUT: "b"usage: git [--version] [--help] [-C <path>] [-c <name>=<value>]\n           [--exec-path[=<path>]] [--html-path] [--man-path] [--info-path]\n           [-p | --paginate | -P | --no-pager] [--no-replace-objects] [--bare]\n           [--git-dir=<path>] [--work-tree=<path>] [--namespace=<name>]\n           [--super-prefix=<path>] [--config-env=<name>=<envvar>]\n           <command> [<args>]\n\nThese are common Git commands used in various situations:\n\nstart a working area (see also: git help tutorial)\n   clone     Clone a repository into a new directory\n   init      Create an empty Git repository or reinitialize an existing one\n\nwork on the current change (see also: git help everyday)\n   add       Add file contents to the index\n   mv        Move or rename a file, a directory, or a symlink\n   restore   Restore working tree files\n   rm        Remove files from the working tree and from the index\n\nexamine the history and state (see also: git help revisions)\n   bisect    Use binary search to find the commit that introduced a bug\n   diff      Show changes between commits, commit and working tree, etc\n   grep      Print lines matching a pattern\n   log       Show commit logs\n   show      Show various types of objects\n   status    Show the working tree status\n\ngrow, mark and tweak your common history\n   branch    List, create, or delete branches\n   commit    Record changes to the repository\n   merge     Join two or more development histories together\n   rebase    Reapply commits on top of another base tip\n   reset     Reset current HEAD to the specified state\n   switch    Switch branches\n   tag       Create, list, delete or verify a tag object signed with GPG\n\ncollaborate (see also: git help workflows)\n   fetch     Download objects and refs from another repository\n   pull      Fetch from and integrate with another repository or a local branch\n   push      Update remote refs along with associated objects\n\n'git help -a' and 'git help -g' list available subcommands and some\nconcept guides. See 'git help <command>' or 'git help <concept>'\nto read about a specific subcommand or concept.\nSee 'git help git' for an overview of the system.\n""
[0m14:24:26.065590 [debug] [MainThread]: STDERR: "b''"
[0m14:24:26.065590 [info ] [MainThread]:  - git [[32mOK found[0m]

[0m14:24:26.069301 [info ] [MainThread]: Connection:
[0m14:24:26.069715 [info ] [MainThread]:   method: oauth
[0m14:24:26.070451 [info ] [MainThread]:   database: dbt-demo-474512
[0m14:24:26.071844 [info ] [MainThread]:   execution_project: dbt-demo-474512
[0m14:24:26.071844 [info ] [MainThread]:   schema: dbt_dataset
[0m14:24:26.073186 [info ] [MainThread]:   location: EU
[0m14:24:26.073186 [info ] [MainThread]:   priority: interactive
[0m14:24:26.073186 [info ] [MainThread]:   maximum_bytes_billed: None
[0m14:24:26.073186 [info ] [MainThread]:   impersonate_service_account: None
[0m14:24:26.073186 [info ] [MainThread]:   job_retry_deadline_seconds: None
[0m14:24:26.078215 [info ] [MainThread]:   job_retries: 1
[0m14:24:26.078215 [info ] [MainThread]:   job_creation_timeout_seconds: None
[0m14:24:26.079817 [info ] [MainThread]:   job_execution_timeout_seconds: 300
[0m14:24:26.079926 [info ] [MainThread]:   timeout_seconds: 300
[0m14:24:26.081084 [info ] [MainThread]:   client_id: None
[0m14:24:26.081742 [info ] [MainThread]:   token_uri: None
[0m14:24:26.081742 [info ] [MainThread]:   compute_region: None
[0m14:24:26.082647 [info ] [MainThread]:   dataproc_cluster_name: None
[0m14:24:26.083664 [info ] [MainThread]:   gcs_bucket: None
[0m14:24:26.084982 [info ] [MainThread]:   dataproc_batch: None
[0m14:24:26.085816 [info ] [MainThread]: Registered adapter: bigquery=1.10.2
[0m14:24:27.039513 [debug] [MainThread]: Acquiring new bigquery connection 'debug'
[0m14:24:27.039513 [debug] [MainThread]: On debug: select 1 as id
[0m14:24:27.039513 [debug] [MainThread]: Opening a new connection, currently in state init
[0m14:24:39.114564 [debug] [MainThread]: BigQuery adapter: Got an error when attempting to create a bigquery " "client: 'Runtime Error
  Failed to authenticate with supplied credentials
  error:
  Your default credentials were not found. To set up Application Default Credentials, see https://cloud.google.com/docs/authentication/external/set-up-adc for more information.'
[0m14:24:39.116748 [debug] [MainThread]: BigQuery adapter: Unhandled error while running:
select 1 as id
[0m14:24:39.117854 [debug] [MainThread]: BigQuery adapter: Database Error
  Runtime Error
    Failed to authenticate with supplied credentials
    error:
    Your default credentials were not found. To set up Application Default Credentials, see https://cloud.google.com/docs/authentication/external/set-up-adc for more information.
[0m14:24:39.117854 [info ] [MainThread]:   Connection test: [[31mERROR[0m]

[0m14:24:39.118964 [info ] [MainThread]: [31m2 checks failed:[0m
[0m14:24:39.119990 [info ] [MainThread]: Project loading failed for the following reason:
 project path <C:\Users\PascalNguyen\PNGLabs\dbt_project.yml> not found

[0m14:24:39.121015 [info ] [MainThread]: dbt was unable to connect to the specified database.
The database returned the following error:

  >'NoneType' object has no attribute 'close'

Check your database credentials and try again. For more information, visit:
https://docs.getdbt.com/docs/configure-your-profile


[0m14:24:39.122121 [debug] [MainThread]: Command `dbt debug` failed at 14:24:39.122121 after 17.56 seconds
[0m14:24:39.122121 [debug] [MainThread]: Sending event: {'category': 'dbt', 'action': 'invocation', 'label': 'end', 'context': [<snowplow_tracker.self_describing_json.SelfDescribingJson object at 0x0000016803EBC2D0>, <snowplow_tracker.self_describing_json.SelfDescribingJson object at 0x0000016803F05150>, <snowplow_tracker.self_describing_json.SelfDescribingJson object at 0x0000016820F0BCD0>]}
[0m14:24:39.123179 [debug] [MainThread]: Flushing usage events
[0m14:24:40.051940 [debug] [MainThread]: An error was encountered while trying to flush usage events
[0m16:23:41.215057 [debug] [MainThread]: Sending event: {'category': 'dbt', 'action': 'invocation', 'label': 'start', 'context': [<snowplow_tracker.self_describing_json.SelfDescribingJson object at 0x0000026FA24408D0>, <snowplow_tracker.self_describing_json.SelfDescribingJson object at 0x0000026FA5A92F10>, <snowplow_tracker.self_describing_json.SelfDescribingJson object at 0x0000026FA5AF8F90>]}


============================== 16:23:41.219748 | 6884ca9e-583d-4859-b2a1-4fa6bd62ba11 ==============================
[0m16:23:41.219748 [info ] [MainThread]: Running with dbt=1.11.0-b3
[0m16:23:41.221130 [debug] [MainThread]: running dbt with arguments {'partial_parse': 'True', 'warn_error_options': 'WarnErrorOptionsV2(error=[], warn=[], silence=[])', 'send_anonymous_usage_stats': 'True', 'warn_error': 'None', 'cache_selected_only': 'False', 'target_path': 'None', 'use_colors': 'True', 'invocation_command': 'dbt debug', 'log_format': 'default', 'version_check': 'True', 'introspect': 'True', 'debug': 'False', 'printer_width': '80', 'fail_fast': 'False', 'no_print': 'None', 'quiet': 'False', 'empty': 'None', 'use_experimental_parser': 'False', 'log_cache_events': 'False', 'log_path': 'logs', 'indirect_selection': 'eager', 'write_json': 'True', 'static_parser': 'True', 'profiles_dir': 'C:\\Users\\PascalNguyen\\.dbt'}
[0m16:23:41.232724 [info ] [MainThread]: dbt version: 1.11.0-b3
[0m16:23:41.232724 [info ] [MainThread]: python version: 3.11.9
[0m16:23:41.232724 [info ] [MainThread]: python path: C:\Users\PascalNguyen\PNGLabs\env\Scripts\python.exe
[0m16:23:41.232724 [info ] [MainThread]: os info: Windows-10-10.0.19045-SP0
[0m16:23:44.489088 [info ] [MainThread]: Using profiles dir at C:\Users\PascalNguyen\.dbt
[0m16:23:44.489088 [info ] [MainThread]: Using profiles.yml file at C:\Users\PascalNguyen\.dbt\profiles.yml
[0m16:23:44.489088 [info ] [MainThread]: Using dbt_project.yml file at C:\Users\PascalNguyen\PNGLabs\dbt_project.yml
[0m16:23:44.489088 [info ] [MainThread]: adapter type: bigquery
[0m16:23:44.489088 [info ] [MainThread]: adapter version: 1.10.2
[0m16:23:44.489088 [info ] [MainThread]: Configuration:
[0m16:23:44.504781 [info ] [MainThread]:   profiles.yml file [[32mOK found and valid[0m]
[0m16:23:44.506165 [info ] [MainThread]:   dbt_project.yml file [[31mERROR not found[0m]
[0m16:23:44.506701 [info ] [MainThread]: Required dependencies:
[0m16:23:44.506701 [debug] [MainThread]: Executing "git --help"
[0m16:23:44.542990 [debug] [MainThread]: STDOUT: "b"usage: git [--version] [--help] [-C <path>] [-c <name>=<value>]\n           [--exec-path[=<path>]] [--html-path] [--man-path] [--info-path]\n           [-p | --paginate | -P | --no-pager] [--no-replace-objects] [--bare]\n           [--git-dir=<path>] [--work-tree=<path>] [--namespace=<name>]\n           [--super-prefix=<path>] [--config-env=<name>=<envvar>]\n           <command> [<args>]\n\nThese are common Git commands used in various situations:\n\nstart a working area (see also: git help tutorial)\n   clone     Clone a repository into a new directory\n   init      Create an empty Git repository or reinitialize an existing one\n\nwork on the current change (see also: git help everyday)\n   add       Add file contents to the index\n   mv        Move or rename a file, a directory, or a symlink\n   restore   Restore working tree files\n   rm        Remove files from the working tree and from the index\n\nexamine the history and state (see also: git help revisions)\n   bisect    Use binary search to find the commit that introduced a bug\n   diff      Show changes between commits, commit and working tree, etc\n   grep      Print lines matching a pattern\n   log       Show commit logs\n   show      Show various types of objects\n   status    Show the working tree status\n\ngrow, mark and tweak your common history\n   branch    List, create, or delete branches\n   commit    Record changes to the repository\n   merge     Join two or more development histories together\n   rebase    Reapply commits on top of another base tip\n   reset     Reset current HEAD to the specified state\n   switch    Switch branches\n   tag       Create, list, delete or verify a tag object signed with GPG\n\ncollaborate (see also: git help workflows)\n   fetch     Download objects and refs from another repository\n   pull      Fetch from and integrate with another repository or a local branch\n   push      Update remote refs along with associated objects\n\n'git help -a' and 'git help -g' list available subcommands and some\nconcept guides. See 'git help <command>' or 'git help <concept>'\nto read about a specific subcommand or concept.\nSee 'git help git' for an overview of the system.\n""
[0m16:23:44.542990 [debug] [MainThread]: STDERR: "b''"
[0m16:23:44.548413 [info ] [MainThread]:  - git [[32mOK found[0m]

[0m16:23:44.549457 [info ] [MainThread]: Connection:
[0m16:23:44.550401 [info ] [MainThread]:   method: oauth
[0m16:23:44.550401 [info ] [MainThread]:   database: dbt-demo-474512
[0m16:23:44.551808 [info ] [MainThread]:   execution_project: dbt-demo-474512
[0m16:23:44.551808 [info ] [MainThread]:   schema: dbt_dataset
[0m16:23:44.553975 [info ] [MainThread]:   location: EU
[0m16:23:44.553975 [info ] [MainThread]:   priority: interactive
[0m16:23:44.555843 [info ] [MainThread]:   maximum_bytes_billed: None
[0m16:23:44.556876 [info ] [MainThread]:   impersonate_service_account: None
[0m16:23:44.557280 [info ] [MainThread]:   job_retry_deadline_seconds: None
[0m16:23:44.557280 [info ] [MainThread]:   job_retries: 1
[0m16:23:44.557280 [info ] [MainThread]:   job_creation_timeout_seconds: None
[0m16:23:44.560711 [info ] [MainThread]:   job_execution_timeout_seconds: 300
[0m16:23:44.560711 [info ] [MainThread]:   timeout_seconds: 300
[0m16:23:44.560711 [info ] [MainThread]:   client_id: None
[0m16:23:44.560711 [info ] [MainThread]:   token_uri: None
[0m16:23:44.560711 [info ] [MainThread]:   compute_region: None
[0m16:23:44.560711 [info ] [MainThread]:   dataproc_cluster_name: None
[0m16:23:44.560711 [info ] [MainThread]:   gcs_bucket: None
[0m16:23:44.560711 [info ] [MainThread]:   dataproc_batch: None
[0m16:23:44.560711 [info ] [MainThread]: Registered adapter: bigquery=1.10.2
[0m16:23:45.139736 [debug] [MainThread]: Acquiring new bigquery connection 'debug'
[0m16:23:45.139736 [debug] [MainThread]: On debug: select 1 as id
[0m16:23:45.139736 [debug] [MainThread]: Opening a new connection, currently in state init
[0m16:23:57.440976 [debug] [MainThread]: BigQuery adapter: Got an error when attempting to create a bigquery " "client: 'Runtime Error
  Failed to authenticate with supplied credentials
  error:
  Your default credentials were not found. To set up Application Default Credentials, see https://cloud.google.com/docs/authentication/external/set-up-adc for more information.'
[0m16:23:57.440976 [debug] [MainThread]: BigQuery adapter: Unhandled error while running:
select 1 as id
[0m16:23:57.440976 [debug] [MainThread]: BigQuery adapter: Database Error
  Runtime Error
    Failed to authenticate with supplied credentials
    error:
    Your default credentials were not found. To set up Application Default Credentials, see https://cloud.google.com/docs/authentication/external/set-up-adc for more information.
[0m16:23:57.440976 [info ] [MainThread]:   Connection test: [[31mERROR[0m]

[0m16:23:57.440976 [info ] [MainThread]: [31m2 checks failed:[0m
[0m16:23:57.440976 [info ] [MainThread]: Project loading failed for the following reason:
 project path <C:\Users\PascalNguyen\PNGLabs\dbt_project.yml> not found

[0m16:23:57.440976 [info ] [MainThread]: dbt was unable to connect to the specified database.
The database returned the following error:

  >'NoneType' object has no attribute 'close'

Check your database credentials and try again. For more information, visit:
https://docs.getdbt.com/docs/configure-your-profile


[0m16:23:57.440976 [debug] [MainThread]: Command `dbt debug` failed at 16:23:57.440976 after 16.32 seconds
[0m16:23:57.440976 [debug] [MainThread]: Sending event: {'category': 'dbt', 'action': 'invocation', 'label': 'end', 'context': [<snowplow_tracker.self_describing_json.SelfDescribingJson object at 0x0000026FA5ADD150>, <snowplow_tracker.self_describing_json.SelfDescribingJson object at 0x0000026FA5840F50>, <snowplow_tracker.self_describing_json.SelfDescribingJson object at 0x0000026FC28862D0>]}
[0m16:23:57.440976 [debug] [MainThread]: Flushing usage events
[0m16:23:58.298942 [debug] [MainThread]: An error was encountered while trying to flush usage events
[0m17:05:33.645291 [debug] [MainThread]: Sending event: {'category': 'dbt', 'action': 'invocation', 'label': 'start', 'context': [<snowplow_tracker.self_describing_json.SelfDescribingJson object at 0x000001D6FA252B10>, <snowplow_tracker.self_describing_json.SelfDescribingJson object at 0x000001D6FA28D810>, <snowplow_tracker.self_describing_json.SelfDescribingJson object at 0x000001D6FA28E410>]}


============================== 17:05:33.645857 | eed10c1b-728a-4415-a756-d8d55361c4d2 ==============================
[0m17:05:33.645857 [info ] [MainThread]: Running with dbt=1.11.0-b3
[0m17:05:33.645857 [debug] [MainThread]: running dbt with arguments {'partial_parse': 'True', 'profiles_dir': 'C:\\Users\\PascalNguyen\\.dbt', 'send_anonymous_usage_stats': 'True', 'use_colors': 'True', 'cache_selected_only': 'False', 'target_path': 'None', 'version_check': 'True', 'invocation_command': 'dbt run -s bronze_client', 'log_format': 'default', 'warn_error': 'None', 'introspect': 'True', 'debug': 'False', 'printer_width': '80', 'fail_fast': 'False', 'no_print': 'None', 'empty': 'False', 'quiet': 'False', 'use_experimental_parser': 'False', 'log_cache_events': 'False', 'indirect_selection': 'eager', 'log_path': 'logs', 'write_json': 'True', 'static_parser': 'True', 'warn_error_options': 'WarnErrorOptionsV2(error=[], warn=[], silence=[])'}
[0m17:05:33.645857 [error] [MainThread]: Encountered an error:
Runtime Error
  No dbt_project.yml found at expected path C:\Users\PascalNguyen\PNGLabs\dbt_project.yml
  Verify that each entry within packages.yml (and their transitive dependencies) contains a file named dbt_project.yml
  
[0m17:05:33.645857 [debug] [MainThread]: Command `dbt run` failed at 17:05:33.645857 after 0.09 seconds
[0m17:05:33.645857 [debug] [MainThread]: Sending event: {'category': 'dbt', 'action': 'invocation', 'label': 'end', 'context': [<snowplow_tracker.self_describing_json.SelfDescribingJson object at 0x000001D6FA2C5C90>, <snowplow_tracker.self_describing_json.SelfDescribingJson object at 0x000001D6FA2C5CD0>, <snowplow_tracker.self_describing_json.SelfDescribingJson object at 0x000001D6FA252690>]}
[0m17:05:33.645857 [debug] [MainThread]: Flushing usage events
[0m17:05:34.592328 [debug] [MainThread]: An error was encountered while trying to flush usage events
[0m17:07:28.972433 [debug] [MainThread]: Sending event: {'category': 'dbt', 'action': 'invocation', 'label': 'start', 'context': [<snowplow_tracker.self_describing_json.SelfDescribingJson object at 0x000001D70C41F810>, <snowplow_tracker.self_describing_json.SelfDescribingJson object at 0x000001D70B655990>, <snowplow_tracker.self_describing_json.SelfDescribingJson object at 0x000001D70C4F8610>]}


============================== 17:07:28.972433 | 5ffbf50e-29b6-47e7-beab-5a4d32a10fa7 ==============================
[0m17:07:28.972433 [info ] [MainThread]: Running with dbt=1.11.0-b3
[0m17:07:28.972433 [debug] [MainThread]: running dbt with arguments {'partial_parse': 'True', 'write_json': 'True', 'send_anonymous_usage_stats': 'True', 'use_colors': 'True', 'cache_selected_only': 'False', 'target_path': 'None', 'version_check': 'True', 'invocation_command': 'dbt run -s bronze_client', 'log_format': 'default', 'warn_error': 'None', 'introspect': 'True', 'debug': 'False', 'log_cache_events': 'False', 'fail_fast': 'False', 'no_print': 'None', 'quiet': 'False', 'printer_width': '80', 'empty': 'False', 'use_experimental_parser': 'False', 'log_path': 'logs', 'indirect_selection': 'eager', 'profiles_dir': 'C:\\Users\\PascalNguyen\\.dbt', 'static_parser': 'True', 'warn_error_options': 'WarnErrorOptionsV2(error=[], warn=[], silence=[])'}
[0m17:07:28.972433 [error] [MainThread]: Encountered an error:
Runtime Error
  No dbt_project.yml found at expected path C:\Users\PascalNguyen\PNGLabs\dbt_project.yml
  Verify that each entry within packages.yml (and their transitive dependencies) contains a file named dbt_project.yml
  
[0m17:07:28.972433 [debug] [MainThread]: Command `dbt run` failed at 17:07:28.972433 after 0.07 seconds
[0m17:07:28.972433 [debug] [MainThread]: Sending event: {'category': 'dbt', 'action': 'invocation', 'label': 'end', 'context': [<snowplow_tracker.self_describing_json.SelfDescribingJson object at 0x000001D70C5532D0>, <snowplow_tracker.self_describing_json.SelfDescribingJson object at 0x000001D70C4F88D0>, <snowplow_tracker.self_describing_json.SelfDescribingJson object at 0x000001D70C4F8750>]}
[0m17:07:28.972433 [debug] [MainThread]: Flushing usage events
[0m17:07:29.859137 [debug] [MainThread]: An error was encountered while trying to flush usage events
[0m11:22:20.209425 [debug] [MainThread]: Sending event: {'category': 'dbt', 'action': 'invocation', 'label': 'start', 'context': [<snowplow_tracker.self_describing_json.SelfDescribingJson object at 0x00000284FA61D2D0>, <snowplow_tracker.self_describing_json.SelfDescribingJson object at 0x00000284FA5E8450>, <snowplow_tracker.self_describing_json.SelfDescribingJson object at 0x00000284F6F7F490>]}


============================== 11:22:20.209425 | a8f7dc4a-4fb8-4353-9845-9f41c06d1a43 ==============================
[0m11:22:20.209425 [info ] [MainThread]: Running with dbt=1.11.0-b3
[0m11:22:20.225797 [debug] [MainThread]: running dbt with arguments {'partial_parse': 'True', 'write_json': 'True', 'send_anonymous_usage_stats': 'True', 'warn_error': 'None', 'cache_selected_only': 'False', 'target_path': 'None', 'version_check': 'True', 'invocation_command': 'dbt debug', 'log_format': 'default', 'use_colors': 'True', 'introspect': 'True', 'debug': 'False', 'printer_width': '80', 'fail_fast': 'False', 'no_print': 'None', 'use_experimental_parser': 'False', 'quiet': 'False', 'empty': 'None', 'log_cache_events': 'False', 'indirect_selection': 'eager', 'log_path': 'logs', 'profiles_dir': 'C:\\Users\\PascalNguyen\\.dbt', 'warn_error_options': 'WarnErrorOptionsV2(error=[], warn=[], silence=[])', 'static_parser': 'True'}
[0m11:22:20.308010 [info ] [MainThread]: dbt version: 1.11.0-b3
[0m11:22:20.309515 [info ] [MainThread]: python version: 3.11.9
[0m11:22:20.309515 [info ] [MainThread]: python path: C:\Users\PascalNguyen\PNGLabs\env\Scripts\python.exe
[0m11:22:20.309515 [info ] [MainThread]: os info: Windows-10-10.0.19045-SP0
[0m11:22:23.435940 [info ] [MainThread]: Using profiles dir at C:\Users\PascalNguyen\.dbt
[0m11:22:23.435940 [info ] [MainThread]: Using profiles.yml file at C:\Users\PascalNguyen\.dbt\profiles.yml
[0m11:22:23.435940 [info ] [MainThread]: Using dbt_project.yml file at C:\Users\PascalNguyen\PNGLabs\dbt_project.yml
[0m11:22:23.435940 [info ] [MainThread]: adapter type: bigquery
[0m11:22:23.435940 [info ] [MainThread]: adapter version: 1.10.2
[0m11:22:23.435940 [info ] [MainThread]: Configuration:
[0m11:22:23.451562 [info ] [MainThread]:   profiles.yml file [[32mOK found and valid[0m]
[0m11:22:23.451562 [info ] [MainThread]:   dbt_project.yml file [[31mERROR not found[0m]
[0m11:22:23.451562 [info ] [MainThread]: Required dependencies:
[0m11:22:23.453653 [debug] [MainThread]: Executing "git --help"
[0m11:22:23.505472 [debug] [MainThread]: STDOUT: "b"usage: git [--version] [--help] [-C <path>] [-c <name>=<value>]\n           [--exec-path[=<path>]] [--html-path] [--man-path] [--info-path]\n           [-p | --paginate | -P | --no-pager] [--no-replace-objects] [--bare]\n           [--git-dir=<path>] [--work-tree=<path>] [--namespace=<name>]\n           [--super-prefix=<path>] [--config-env=<name>=<envvar>]\n           <command> [<args>]\n\nThese are common Git commands used in various situations:\n\nstart a working area (see also: git help tutorial)\n   clone     Clone a repository into a new directory\n   init      Create an empty Git repository or reinitialize an existing one\n\nwork on the current change (see also: git help everyday)\n   add       Add file contents to the index\n   mv        Move or rename a file, a directory, or a symlink\n   restore   Restore working tree files\n   rm        Remove files from the working tree and from the index\n\nexamine the history and state (see also: git help revisions)\n   bisect    Use binary search to find the commit that introduced a bug\n   diff      Show changes between commits, commit and working tree, etc\n   grep      Print lines matching a pattern\n   log       Show commit logs\n   show      Show various types of objects\n   status    Show the working tree status\n\ngrow, mark and tweak your common history\n   branch    List, create, or delete branches\n   commit    Record changes to the repository\n   merge     Join two or more development histories together\n   rebase    Reapply commits on top of another base tip\n   reset     Reset current HEAD to the specified state\n   switch    Switch branches\n   tag       Create, list, delete or verify a tag object signed with GPG\n\ncollaborate (see also: git help workflows)\n   fetch     Download objects and refs from another repository\n   pull      Fetch from and integrate with another repository or a local branch\n   push      Update remote refs along with associated objects\n\n'git help -a' and 'git help -g' list available subcommands and some\nconcept guides. See 'git help <command>' or 'git help <concept>'\nto read about a specific subcommand or concept.\nSee 'git help git' for an overview of the system.\n""
[0m11:22:23.505472 [debug] [MainThread]: STDERR: "b''"
[0m11:22:23.505472 [info ] [MainThread]:  - git [[32mOK found[0m]

[0m11:22:23.505472 [info ] [MainThread]: Connection:
[0m11:22:23.505472 [info ] [MainThread]:   method: oauth
[0m11:22:23.505472 [info ] [MainThread]:   database: dbt-demo-474512
[0m11:22:23.505472 [info ] [MainThread]:   execution_project: dbt-demo-474512
[0m11:22:23.505472 [info ] [MainThread]:   schema: dbt
[0m11:22:23.505472 [info ] [MainThread]:   location: EU
[0m11:22:23.505472 [info ] [MainThread]:   priority: interactive
[0m11:22:23.505472 [info ] [MainThread]:   maximum_bytes_billed: None
[0m11:22:23.505472 [info ] [MainThread]:   impersonate_service_account: None
[0m11:22:23.514711 [info ] [MainThread]:   job_retry_deadline_seconds: None
[0m11:22:23.515182 [info ] [MainThread]:   job_retries: 1
[0m11:22:23.515182 [info ] [MainThread]:   job_creation_timeout_seconds: None
[0m11:22:23.515182 [info ] [MainThread]:   job_execution_timeout_seconds: 300
[0m11:22:23.515182 [info ] [MainThread]:   timeout_seconds: 300
[0m11:22:23.515182 [info ] [MainThread]:   client_id: None
[0m11:22:23.520453 [info ] [MainThread]:   token_uri: None
[0m11:22:23.520577 [info ] [MainThread]:   compute_region: None
[0m11:22:23.520577 [info ] [MainThread]:   dataproc_cluster_name: None
[0m11:22:23.520577 [info ] [MainThread]:   gcs_bucket: None
[0m11:22:23.520577 [info ] [MainThread]:   dataproc_batch: None
[0m11:22:23.520577 [info ] [MainThread]: Registered adapter: bigquery=1.10.2
[0m11:22:24.086697 [debug] [MainThread]: Acquiring new bigquery connection 'debug'
[0m11:22:24.086697 [debug] [MainThread]: On debug: select 1 as id
[0m11:22:24.086697 [debug] [MainThread]: Opening a new connection, currently in state init
[0m11:22:27.138809 [debug] [MainThread]: BigQuery adapter: https://console.cloud.google.com/bigquery?project=dbt-demo-474512&j=bq:EU:29cda158-2292-45b5-91e6-fa4ca2e99704&page=queryresults
[0m11:22:27.524692 [info ] [MainThread]:   Connection test: [[32mOK connection ok[0m]

[0m11:22:27.524692 [info ] [MainThread]: [31m1 check failed:[0m
[0m11:22:27.524692 [info ] [MainThread]: Project loading failed for the following reason:
 project path <C:\Users\PascalNguyen\PNGLabs\dbt_project.yml> not found

[0m11:22:27.524692 [debug] [MainThread]: Command `dbt debug` failed at 11:22:27.524692 after 7.39 seconds
[0m11:22:27.524692 [debug] [MainThread]: Connection 'debug' was properly closed.
[0m11:22:27.524692 [debug] [MainThread]: Sending event: {'category': 'dbt', 'action': 'invocation', 'label': 'end', 'context': [<snowplow_tracker.self_describing_json.SelfDescribingJson object at 0x00000284FA3804D0>, <snowplow_tracker.self_describing_json.SelfDescribingJson object at 0x0000028497BB5750>, <snowplow_tracker.self_describing_json.SelfDescribingJson object at 0x00000284FA61D150>]}
[0m11:22:27.524692 [debug] [MainThread]: Flushing usage events
[0m11:22:28.356555 [debug] [MainThread]: An error was encountered while trying to flush usage events
[0m11:22:54.869186 [debug] [MainThread]: Sending event: {'category': 'dbt', 'action': 'invocation', 'label': 'start', 'context': [<snowplow_tracker.self_describing_json.SelfDescribingJson object at 0x0000015F798FCF50>, <snowplow_tracker.self_describing_json.SelfDescribingJson object at 0x0000015F7CD10C10>, <snowplow_tracker.self_describing_json.SelfDescribingJson object at 0x0000015F7CF79750>]}


============================== 11:22:54.884996 | b6e9f766-f358-4934-86d9-e9888f43cce9 ==============================
[0m11:22:54.884996 [info ] [MainThread]: Running with dbt=1.11.0-b3
[0m11:22:54.884996 [debug] [MainThread]: running dbt with arguments {'partial_parse': 'True', 'warn_error_options': 'WarnErrorOptionsV2(error=[], warn=[], silence=[])', 'send_anonymous_usage_stats': 'True', 'use_colors': 'True', 'cache_selected_only': 'False', 'target_path': 'None', 'warn_error': 'None', 'invocation_command': 'dbt run', 'log_format': 'default', 'version_check': 'True', 'introspect': 'True', 'debug': 'False', 'log_cache_events': 'False', 'fail_fast': 'False', 'no_print': 'None', 'use_experimental_parser': 'False', 'quiet': 'False', 'empty': 'False', 'printer_width': '80', 'indirect_selection': 'eager', 'log_path': 'logs', 'profiles_dir': 'C:\\Users\\PascalNguyen\\.dbt', 'static_parser': 'True', 'write_json': 'True'}
[0m11:22:54.884996 [error] [MainThread]: Encountered an error:
Runtime Error
  No dbt_project.yml found at expected path C:\Users\PascalNguyen\PNGLabs\dbt_project.yml
  Verify that each entry within packages.yml (and their transitive dependencies) contains a file named dbt_project.yml
  
[0m11:22:54.884996 [debug] [MainThread]: Command `dbt run` failed at 11:22:54.884996 after 0.08 seconds
[0m11:22:54.884996 [debug] [MainThread]: Sending event: {'category': 'dbt', 'action': 'invocation', 'label': 'end', 'context': [<snowplow_tracker.self_describing_json.SelfDescribingJson object at 0x0000015F7CF7C150>, <snowplow_tracker.self_describing_json.SelfDescribingJson object at 0x0000015F7CFA9B10>, <snowplow_tracker.self_describing_json.SelfDescribingJson object at 0x0000015F7655F4D0>]}
[0m11:22:54.884996 [debug] [MainThread]: Flushing usage events
[0m11:22:55.732046 [debug] [MainThread]: An error was encountered while trying to flush usage events
[0m13:24:50.349888 [debug] [MainThread]: Sending event: {'category': 'dbt', 'action': 'invocation', 'label': 'start', 'context': [<snowplow_tracker.self_describing_json.SelfDescribingJson object at 0x000002AC56C01190>, <snowplow_tracker.self_describing_json.SelfDescribingJson object at 0x000002AC56BF8910>, <snowplow_tracker.self_describing_json.SelfDescribingJson object at 0x000002AC56E99E50>]}


============================== 13:24:50.360914 | b8dc5e18-f8ed-4660-8b57-5ada6266240d ==============================
[0m13:24:50.360914 [info ] [MainThread]: Running with dbt=1.11.0-b3
[0m13:24:50.363143 [debug] [MainThread]: running dbt with arguments {'partial_parse': 'True', 'write_json': 'True', 'send_anonymous_usage_stats': 'True', 'version_check': 'True', 'cache_selected_only': 'False', 'target_path': 'None', 'warn_error': 'None', 'invocation_command': 'dbt debug', 'log_format': 'default', 'use_colors': 'True', 'introspect': 'True', 'debug': 'False', 'log_cache_events': 'False', 'fail_fast': 'False', 'no_print': 'None', 'empty': 'None', 'printer_width': '80', 'use_experimental_parser': 'False', 'quiet': 'False', 'indirect_selection': 'eager', 'log_path': 'logs', 'profiles_dir': 'C:\\Users\\PascalNguyen\\.dbt', 'warn_error_options': 'WarnErrorOptionsV2(error=[], warn=[], silence=[])', 'static_parser': 'True'}
[0m13:24:50.419658 [info ] [MainThread]: dbt version: 1.11.0-b3
[0m13:24:50.420657 [info ] [MainThread]: python version: 3.11.9
[0m13:24:50.421657 [info ] [MainThread]: python path: C:\Users\PascalNguyen\PNGLabs\env\Scripts\python.exe
[0m13:24:50.422658 [info ] [MainThread]: os info: Windows-10-10.0.19045-SP0
[0m13:25:01.292896 [info ] [MainThread]: Using profiles dir at C:\Users\PascalNguyen\.dbt
[0m13:25:01.292896 [info ] [MainThread]: Using profiles.yml file at C:\Users\PascalNguyen\.dbt\profiles.yml
[0m13:25:01.292896 [info ] [MainThread]: Using dbt_project.yml file at C:\Users\PascalNguyen\PNGLabs\dbt_project.yml
[0m13:25:01.292896 [info ] [MainThread]: adapter type: bigquery
[0m13:25:01.292896 [info ] [MainThread]: adapter version: 1.10.2
[0m13:25:01.308417 [info ] [MainThread]: Configuration:
[0m13:25:01.308984 [info ] [MainThread]:   profiles.yml file [[32mOK found and valid[0m]
[0m13:25:01.308984 [info ] [MainThread]:   dbt_project.yml file [[31mERROR not found[0m]
[0m13:25:01.308984 [info ] [MainThread]: Required dependencies:
[0m13:25:01.308984 [debug] [MainThread]: Executing "git --help"
[0m13:25:01.411443 [debug] [MainThread]: STDOUT: "b"usage: git [--version] [--help] [-C <path>] [-c <name>=<value>]\n           [--exec-path[=<path>]] [--html-path] [--man-path] [--info-path]\n           [-p | --paginate | -P | --no-pager] [--no-replace-objects] [--bare]\n           [--git-dir=<path>] [--work-tree=<path>] [--namespace=<name>]\n           [--super-prefix=<path>] [--config-env=<name>=<envvar>]\n           <command> [<args>]\n\nThese are common Git commands used in various situations:\n\nstart a working area (see also: git help tutorial)\n   clone     Clone a repository into a new directory\n   init      Create an empty Git repository or reinitialize an existing one\n\nwork on the current change (see also: git help everyday)\n   add       Add file contents to the index\n   mv        Move or rename a file, a directory, or a symlink\n   restore   Restore working tree files\n   rm        Remove files from the working tree and from the index\n\nexamine the history and state (see also: git help revisions)\n   bisect    Use binary search to find the commit that introduced a bug\n   diff      Show changes between commits, commit and working tree, etc\n   grep      Print lines matching a pattern\n   log       Show commit logs\n   show      Show various types of objects\n   status    Show the working tree status\n\ngrow, mark and tweak your common history\n   branch    List, create, or delete branches\n   commit    Record changes to the repository\n   merge     Join two or more development histories together\n   rebase    Reapply commits on top of another base tip\n   reset     Reset current HEAD to the specified state\n   switch    Switch branches\n   tag       Create, list, delete or verify a tag object signed with GPG\n\ncollaborate (see also: git help workflows)\n   fetch     Download objects and refs from another repository\n   pull      Fetch from and integrate with another repository or a local branch\n   push      Update remote refs along with associated objects\n\n'git help -a' and 'git help -g' list available subcommands and some\nconcept guides. See 'git help <command>' or 'git help <concept>'\nto read about a specific subcommand or concept.\nSee 'git help git' for an overview of the system.\n""
[0m13:25:01.411443 [debug] [MainThread]: STDERR: "b''"
[0m13:25:01.413838 [info ] [MainThread]:  - git [[32mOK found[0m]

[0m13:25:01.414726 [info ] [MainThread]: Connection:
[0m13:25:01.415729 [info ] [MainThread]:   method: oauth
[0m13:25:01.415729 [info ] [MainThread]:   database: dbt-demo-474512
[0m13:25:01.415729 [info ] [MainThread]:   execution_project: dbt-demo-474512
[0m13:25:01.415729 [info ] [MainThread]:   schema: dbt
[0m13:25:01.415729 [info ] [MainThread]:   location: EU
[0m13:25:01.415729 [info ] [MainThread]:   priority: interactive
[0m13:25:01.415729 [info ] [MainThread]:   maximum_bytes_billed: None
[0m13:25:01.415729 [info ] [MainThread]:   impersonate_service_account: None
[0m13:25:01.423865 [info ] [MainThread]:   job_retry_deadline_seconds: None
[0m13:25:01.423865 [info ] [MainThread]:   job_retries: 1
[0m13:25:01.426342 [info ] [MainThread]:   job_creation_timeout_seconds: None
[0m13:25:01.427763 [info ] [MainThread]:   job_execution_timeout_seconds: 300
[0m13:25:01.427872 [info ] [MainThread]:   timeout_seconds: 300
[0m13:25:01.427872 [info ] [MainThread]:   client_id: None
[0m13:25:01.430468 [info ] [MainThread]:   token_uri: None
[0m13:25:01.430937 [info ] [MainThread]:   compute_region: None
[0m13:25:01.432662 [info ] [MainThread]:   dataproc_cluster_name: None
[0m13:25:01.432694 [info ] [MainThread]:   gcs_bucket: None
[0m13:25:01.433569 [info ] [MainThread]:   dataproc_batch: None
[0m13:25:01.435546 [info ] [MainThread]: Registered adapter: bigquery=1.10.2
[0m13:25:02.482432 [debug] [MainThread]: Acquiring new bigquery connection 'debug'
[0m13:25:02.482432 [debug] [MainThread]: On debug: select 1 as id
[0m13:25:02.482432 [debug] [MainThread]: Opening a new connection, currently in state init
[0m13:25:08.782539 [debug] [MainThread]: BigQuery adapter: https://console.cloud.google.com/bigquery?project=dbt-demo-474512&j=bq:EU:1e1f730a-a7ec-4698-8639-b6393c03abab&page=queryresults
[0m13:25:12.058231 [info ] [MainThread]:   Connection test: [[32mOK connection ok[0m]

[0m13:25:12.073824 [info ] [MainThread]: [31m1 check failed:[0m
[0m13:25:12.073824 [info ] [MainThread]: Project loading failed for the following reason:
 project path <C:\Users\PascalNguyen\PNGLabs\dbt_project.yml> not found

[0m13:25:12.082039 [debug] [MainThread]: Command `dbt debug` failed at 13:25:12.082039 after 21.88 seconds
[0m13:25:12.084423 [debug] [MainThread]: Connection 'debug' was properly closed.
[0m13:25:12.085579 [debug] [MainThread]: Sending event: {'category': 'dbt', 'action': 'invocation', 'label': 'end', 'context': [<snowplow_tracker.self_describing_json.SelfDescribingJson object at 0x000002AC56E6C050>, <snowplow_tracker.self_describing_json.SelfDescribingJson object at 0x000002AC56EBD110>, <snowplow_tracker.self_describing_json.SelfDescribingJson object at 0x000002AC73FA1F90>]}
[0m13:25:12.087450 [debug] [MainThread]: Flushing usage events
[0m13:25:13.148267 [debug] [MainThread]: An error was encountered while trying to flush usage events
[0m13:30:33.001107 [debug] [MainThread]: Sending event: {'category': 'dbt', 'action': 'invocation', 'label': 'start', 'context': [<snowplow_tracker.self_describing_json.SelfDescribingJson object at 0x000001D5FDD51110>, <snowplow_tracker.self_describing_json.SelfDescribingJson object at 0x000001D5FDFB9590>, <snowplow_tracker.self_describing_json.SelfDescribingJson object at 0x000001D5FDFE4390>]}


============================== 13:30:33.005233 | 8b31fbc7-553e-443f-a55d-8d5259f8afed ==============================
[0m13:30:33.005233 [info ] [MainThread]: Running with dbt=1.11.0-b3
[0m13:30:33.006699 [debug] [MainThread]: running dbt with arguments {'partial_parse': 'True', 'warn_error_options': 'WarnErrorOptionsV2(error=[], warn=[], silence=[])', 'send_anonymous_usage_stats': 'True', 'version_check': 'True', 'cache_selected_only': 'False', 'target_path': 'None', 'use_colors': 'True', 'invocation_command': 'dbt build --target prod', 'log_format': 'default', 'warn_error': 'None', 'introspect': 'True', 'debug': 'False', 'log_cache_events': 'False', 'fail_fast': 'False', 'no_print': 'None', 'empty': 'False', 'quiet': 'False', 'use_experimental_parser': 'False', 'printer_width': '80', 'log_path': 'logs', 'indirect_selection': 'eager', 'profiles_dir': 'C:\\Users\\PascalNguyen\\.dbt', 'static_parser': 'True', 'write_json': 'True'}
[0m13:30:33.006699 [error] [MainThread]: Encountered an error:
Runtime Error
  No dbt_project.yml found at expected path C:\Users\PascalNguyen\PNGLabs\dbt_project.yml
  Verify that each entry within packages.yml (and their transitive dependencies) contains a file named dbt_project.yml
  
[0m13:30:33.008618 [debug] [MainThread]: Command `dbt build` failed at 13:30:33.008618 after 0.10 seconds
[0m13:30:33.009676 [debug] [MainThread]: Sending event: {'category': 'dbt', 'action': 'invocation', 'label': 'end', 'context': [<snowplow_tracker.self_describing_json.SelfDescribingJson object at 0x000001D5FDFBC090>, <snowplow_tracker.self_describing_json.SelfDescribingJson object at 0x000001D5FA9581D0>, <snowplow_tracker.self_describing_json.SelfDescribingJson object at 0x000001D5FDFB95D0>]}
[0m13:30:33.009676 [debug] [MainThread]: Flushing usage events
[0m13:30:33.958311 [debug] [MainThread]: An error was encountered while trying to flush usage events
